<?xml version="1.0" encoding="UTF-8"?>
<testng-results ignored="0" total="1" passed="1" failed="0" skipped="0">
  <reporter-output>
  </reporter-output>
  <suite started-at="2023-01-07T19:38:26 IST" name="Default suite" finished-at="2023-01-07T19:39:14 IST" duration-ms="48779">
    <groups>
    </groups>
    <test started-at="2023-01-07T19:38:26 IST" name="Default test" finished-at="2023-01-07T19:39:14 IST" duration-ms="48779">
      <class name="Automation.testScript.AlertActiGenricTest">
        <test-method is-config="true" signature="LaunchBrowser()[pri:0, instance:Automation.testScript.AlertActiGenricTest@77fbd92c]" started-at="2023-01-07T19:38:26 IST" name="LaunchBrowser" finished-at="2023-01-07T19:38:30 IST" duration-ms="4306" status="PASS">
          <reporter-output>
          </reporter-output>
        </test-method> <!-- LaunchBrowser -->
        <test-method is-config="true" signature="login()[pri:0, instance:Automation.testScript.AlertActiGenricTest@77fbd92c]" started-at="2023-01-07T19:38:30 IST" name="login" finished-at="2023-01-07T19:38:53 IST" duration-ms="22951" status="PASS">
          <reporter-output>
          </reporter-output>
        </test-method> <!-- login -->
        <test-method signature="handleAlert()[pri:0, instance:Automation.testScript.AlertActiGenricTest@77fbd92c]" started-at="2023-01-07T19:38:53 IST" name="handleAlert" finished-at="2023-01-07T19:39:06 IST" duration-ms="13299" status="PASS">
          <reporter-output>
          </reporter-output>
        </test-method> <!-- handleAlert -->
        <test-method is-config="true" signature="logout()[pri:0, instance:Automation.testScript.AlertActiGenricTest@77fbd92c]" started-at="2023-01-07T19:39:06 IST" name="logout" finished-at="2023-01-07T19:39:14 IST" duration-ms="7977" status="PASS">
          <reporter-output>
          </reporter-output>
        </test-method> <!-- logout -->
        <test-method is-config="true" signature="closeBrowser()[pri:0, instance:Automation.testScript.AlertActiGenricTest@77fbd92c]" started-at="2023-01-07T19:39:14 IST" name="closeBrowser" finished-at="2023-01-07T19:39:14 IST" duration-ms="199" status="PASS">
          <reporter-output>
          </reporter-output>
        </test-method> <!-- closeBrowser -->
      </class> <!-- Automation.testScript.AlertActiGenricTest -->
    </test> <!-- Default test -->
  </suite> <!-- Default suite -->
</testng-results>
